# JRE version: Java(TM) SE Runtime Environment (13.0.1+9) (build 13.0.1+9)
# Java VM: Java HotSpot(TM) 64-Bit Server VM (13.0.1+9, mixed mode, sharing, tiered, compressed oops, g1 gc, windows-amd64)
Heap:
 garbage-first heap   total 54272K, used 28168K [0x00000000c2800000, 0x0000000100000000)
  region size 1024K, 8 young (8192K), 3 survivors (3072K)
 Metaspace       used 53354K, capacity 54690K, committed 55032K, reserved 1097728K
  class space    used 7098K, capacity 7642K, committed 7756K, reserved 1048576K
GC Heap History (20 events):
Event: 8.287 GC heap before
{Heap before GC invocations=10 (full 0):
 garbage-first heap   total 45056K, used 32008K [0x00000000c2800000, 0x0000000100000000)
  region size 1024K, 19 young (19456K), 1 survivors (1024K)
 Metaspace       used 27497K, capacity 28312K, committed 28416K, reserved 1073152K
  class space    used 3489K, capacity 3829K, committed 3840K, reserved 1048576K
}
Event: 8.288 GC heap after
{Heap after GC invocations=11 (full 0):
 garbage-first heap   total 54272K, used 14168K [0x00000000c2800000, 0x0000000100000000)
  region size 1024K, 1 young (1024K), 1 survivors (1024K)
 Metaspace       used 27497K, capacity 28312K, committed 28416K, reserved 1073152K
  class space    used 3489K, capacity 3829K, committed 3840K, reserved 1048576K
}
Event: 10.067 GC heap before
{Heap before GC invocations=11 (full 0):
 garbage-first heap   total 54272K, used 37720K [0x00000000c2800000, 0x0000000100000000)
  region size 1024K, 24 young (24576K), 1 survivors (1024K)
 Metaspace       used 31593K, capacity 32471K, committed 32640K, reserved 1077248K
  class space    used 4064K, capacity 4404K, committed 4480K, reserved 1048576K
}
Event: 10.072 GC heap after
{Heap after GC invocations=12 (full 0):
 garbage-first heap   total 54272K, used 15187K [0x00000000c2800000, 0x0000000100000000)
  region size 1024K, 2 young (2048K), 2 survivors (2048K)
 Metaspace       used 31593K, capacity 32471K, committed 32640K, reserved 1077248K
  class space    used 4064K, capacity 4404K, committed 4480K, reserved 1048576K
}
Event: 10.793 GC heap before
{Heap before GC invocations=12 (full 0):
 garbage-first heap   total 54272K, used 29523K [0x00000000c2800000, 0x0000000100000000)
  region size 1024K, 17 young (17408K), 2 survivors (2048K)
 Metaspace       used 34684K, capacity 35517K, committed 35628K, reserved 1079296K
  class space    used 4614K, capacity 4971K, committed 4992K, reserved 1048576K
}
Event: 10.800 GC heap after
{Heap after GC invocations=13 (full 0):
 garbage-first heap   total 54272K, used 15976K [0x00000000c2800000, 0x0000000100000000)
  region size 1024K, 2 young (2048K), 2 survivors (2048K)
 Metaspace       used 34684K, capacity 35517K, committed 35628K, reserved 1079296K
  class space    used 4614K, capacity 4971K, committed 4992K, reserved 1048576K
}
Event: 11.996 GC heap before
{Heap before GC invocations=14 (full 0):
 garbage-first heap   total 54272K, used 38504K [0x00000000c2800000, 0x0000000100000000)
  region size 1024K, 25 young (25600K), 2 survivors (2048K)
 Metaspace       used 40204K, capacity 41185K, committed 41464K, reserved 1085440K
  class space    used 5276K, capacity 5666K, committed 5708K, reserved 1048576K
}
Event: 12.006 GC heap after
{Heap after GC invocations=15 (full 0):
 garbage-first heap   total 54272K, used 18474K [0x00000000c2800000, 0x0000000100000000)
  region size 1024K, 4 young (4096K), 4 survivors (4096K)
 Metaspace       used 40204K, capacity 41185K, committed 41464K, reserved 1085440K
  class space    used 5276K, capacity 5666K, committed 5708K, reserved 1048576K
}
Event: 13.241 GC heap before
{Heap before GC invocations=16 (full 0):
 garbage-first heap   total 54272K, used 39978K [0x00000000c2800000, 0x0000000100000000)
  region size 1024K, 25 young (25600K), 4 survivors (4096K)
 Metaspace       used 44503K, capacity 45531K, committed 45816K, reserved 1089536K
  class space    used 5962K, capacity 6362K, committed 6476K, reserved 1048576K
}
Event: 13.251 GC heap after
{Heap after GC invocations=17 (full 0):
 garbage-first heap   total 54272K, used 19655K [0x00000000c2800000, 0x0000000100000000)
  region size 1024K, 2 young (2048K), 2 survivors (2048K)
 Metaspace       used 44503K, capacity 45531K, committed 45816K, reserved 1089536K
  class space    used 5962K, capacity 6362K, committed 6476K, reserved 1048576K
}
Event: 14.902 GC heap before
{Heap before GC invocations=17 (full 0):
 garbage-first heap   total 54272K, used 40135K [0x00000000c2800000, 0x0000000100000000)
  region size 1024K, 22 young (22528K), 2 survivors (2048K)
 Metaspace       used 47828K, capacity 48884K, committed 49016K, reserved 1091584K
  class space    used 6383K, capacity 6775K, committed 6860K, reserved 1048576K
}
Event: 14.908 GC heap after
{Heap after GC invocations=18 (full 0):
 garbage-first heap   total 54272K, used 20527K [0x00000000c2800000, 0x0000000100000000)
  region size 1024K, 2 young (2048K), 2 survivors (2048K)
 Metaspace       used 47828K, capacity 48884K, committed 49016K, reserved 1091584K
  class space    used 6383K, capacity 6775K, committed 6860K, reserved 1048576K
}
Event: 15.864 GC heap before
{Heap before GC invocations=18 (full 0):
 garbage-first heap   total 54272K, used 41007K [0x00000000c2800000, 0x0000000100000000)
  region size 1024K, 22 young (22528K), 2 survivors (2048K)
 Metaspace       used 50387K, capacity 51646K, committed 51832K, reserved 1093632K
  class space    used 6734K, capacity 7246K, committed 7372K, reserved 1048576K
}
Event: 15.871 GC heap after
{Heap after GC invocations=19 (full 0):
 garbage-first heap   total 54272K, used 21650K [0x00000000c2800000, 0x0000000100000000)
  region size 1024K, 3 young (3072K), 3 survivors (3072K)
 Metaspace       used 50387K, capacity 51646K, committed 51832K, reserved 1093632K
  class space    used 6734K, capacity 7246K, committed 7372K, reserved 1048576K
}
Event: 16.331 GC heap before
{Heap before GC invocations=19 (full 0):
 garbage-first heap   total 54272K, used 41106K [0x00000000c2800000, 0x0000000100000000)
  region size 1024K, 22 young (22528K), 3 survivors (3072K)
 Metaspace       used 50659K, capacity 51895K, committed 52088K, reserved 1093632K
  class space    used 6770K, capacity 7257K, committed 7372K, reserved 1048576K
}
Event: 16.337 GC heap after
{Heap after GC invocations=20 (full 0):
 garbage-first heap   total 54272K, used 21946K [0x00000000c2800000, 0x0000000100000000)
  region size 1024K, 2 young (2048K), 2 survivors (2048K)
 Metaspace       used 50659K, capacity 51895K, committed 52088K, reserved 1093632K
  class space    used 6770K, capacity 7257K, committed 7372K, reserved 1048576K
}
Event: 16.833 GC heap before
{Heap before GC invocations=20 (full 0):
 garbage-first heap   total 54272K, used 42426K [0x00000000c2800000, 0x0000000100000000)
  region size 1024K, 22 young (22528K), 2 survivors (2048K)
 Metaspace       used 51116K, capacity 52425K, committed 52600K, reserved 1095680K
  class space    used 6799K, capacity 7300K, committed 7372K, reserved 1048576K
}
Event: 16.840 GC heap after
{Heap after GC invocations=21 (full 0):
 garbage-first heap   total 54272K, used 22619K [0x00000000c2800000, 0x0000000100000000)
  region size 1024K, 3 young (3072K), 3 survivors (3072K)
 Metaspace       used 51116K, capacity 52425K, committed 52600K, reserved 1095680K
  class space    used 6799K, capacity 7300K, committed 7372K, reserved 1048576K
}
Event: 17.556 GC heap before
{Heap before GC invocations=21 (full 0):
 garbage-first heap   total 54272K, used 42075K [0x00000000c2800000, 0x0000000100000000)
  region size 1024K, 22 young (22528K), 3 survivors (3072K)
 Metaspace       used 52869K, capacity 54238K, committed 54392K, reserved 1095680K
  class space    used 7030K, capacity 7559K, committed 7628K, reserved 1048576K
}
Event: 17.564 GC heap after
{Heap after GC invocations=22 (full 0):
 garbage-first heap   total 54272K, used 24072K [0x00000000c2800000, 0x0000000100000000)
  region size 1024K, 3 young (3072K), 3 survivors (3072K)
 Metaspace       used 52869K, capacity 54238K, committed 54392K, reserved 1095680K
  class space    used 7030K, capacity 7559K, committed 7628K, reserved 1048576K
}

