# JRE version: Java(TM) SE Runtime Environment (13.0.1+9) (build 13.0.1+9)
# Java VM: Java HotSpot(TM) 64-Bit Server VM (13.0.1+9, mixed mode, sharing, tiered, compressed oops, g1 gc, windows-amd64)
Heap:
 garbage-first heap   total 54272K, used 23438K [0x00000000c2800000, 0x0000000100000000)
  region size 1024K, 12 young (12288K), 2 survivors (2048K)
 Metaspace       used 34653K, capacity 35521K, committed 35632K, reserved 1079296K
  class space    used 4612K, capacity 4971K, committed 4992K, reserved 1048576K
GC Heap History (20 events):
Event: 2.419 GC heap before
{Heap before GC invocations=1 (full 0):
 garbage-first heap   total 63488K, used 40652K [0x00000000c2800000, 0x0000000100000000)
  region size 1024K, 36 young (36864K), 2 survivors (2048K)
 Metaspace       used 8781K, capacity 10024K, committed 10112K, reserved 1058816K
  class space    used 1177K, capacity 1353K, committed 1408K, reserved 1048576K
}
Event: 2.440 GC heap after
{Heap after GC invocations=2 (full 0):
 garbage-first heap   total 63488K, used 7661K [0x00000000c2800000, 0x0000000100000000)
  region size 1024K, 4 young (4096K), 4 survivors (4096K)
 Metaspace       used 8781K, capacity 10024K, committed 10112K, reserved 1058816K
  class space    used 1177K, capacity 1353K, committed 1408K, reserved 1048576K
}
Event: 3.821 GC heap before
{Heap before GC invocations=2 (full 0):
 garbage-first heap   total 63488K, used 38381K [0x00000000c2800000, 0x0000000100000000)
  region size 1024K, 35 young (35840K), 4 survivors (4096K)
 Metaspace       used 14674K, capacity 15217K, committed 15360K, reserved 1062912K
  class space    used 1876K, capacity 2026K, committed 2048K, reserved 1048576K
}
Event: 3.832 GC heap after
{Heap after GC invocations=3 (full 0):
 garbage-first heap   total 63488K, used 8519K [0x00000000c2800000, 0x0000000100000000)
  region size 1024K, 3 young (3072K), 3 survivors (3072K)
 Metaspace       used 14674K, capacity 15217K, committed 15360K, reserved 1062912K
  class space    used 1876K, capacity 2026K, committed 2048K, reserved 1048576K
}
Event: 4.692 GC heap before
{Heap before GC invocations=3 (full 0):
 garbage-first heap   total 63488K, used 41287K [0x00000000c2800000, 0x0000000100000000)
  region size 1024K, 36 young (36864K), 3 survivors (3072K)
 Metaspace       used 16806K, capacity 17362K, committed 17536K, reserved 1064960K
  class space    used 2167K, capacity 2337K, committed 2432K, reserved 1048576K
}
Event: 4.704 GC heap after
{Heap after GC invocations=4 (full 0):
 garbage-first heap   total 63488K, used 9233K [0x00000000c2800000, 0x0000000100000000)
  region size 1024K, 2 young (2048K), 2 survivors (2048K)
 Metaspace       used 16806K, capacity 17362K, committed 17536K, reserved 1064960K
  class space    used 2167K, capacity 2337K, committed 2432K, reserved 1048576K
}
Event: 5.830 GC heap before
{Heap before GC invocations=4 (full 0):
 garbage-first heap   total 63488K, used 42001K [0x00000000c2800000, 0x0000000100000000)
  region size 1024K, 35 young (35840K), 2 survivors (2048K)
 Metaspace       used 18247K, capacity 18755K, committed 18944K, reserved 1064960K
  class space    used 2305K, capacity 2493K, committed 2560K, reserved 1048576K
}
Event: 5.837 GC heap after
{Heap after GC invocations=5 (full 0):
 garbage-first heap   total 76800K, used 9849K [0x00000000c2800000, 0x0000000100000000)
  region size 1024K, 3 young (3072K), 3 survivors (3072K)
 Metaspace       used 18247K, capacity 18755K, committed 18944K, reserved 1064960K
  class space    used 2305K, capacity 2493K, committed 2560K, reserved 1048576K
}
Event: 7.426 GC heap before
{Heap before GC invocations=5 (full 0):
 garbage-first heap   total 76800K, used 34425K [0x00000000c2800000, 0x0000000100000000)
  region size 1024K, 28 young (28672K), 3 survivors (3072K)
 Metaspace       used 20517K, capacity 21156K, committed 21296K, reserved 1067008K
  class space    used 2601K, capacity 2858K, committed 2944K, reserved 1048576K
}
Event: 7.442 GC heap after
{Heap after GC invocations=6 (full 0):
 garbage-first heap   total 76800K, used 10777K [0x00000000c2800000, 0x0000000100000000)
  region size 1024K, 4 young (4096K), 4 survivors (4096K)
 Metaspace       used 20517K, capacity 21156K, committed 21296K, reserved 1067008K
  class space    used 2601K, capacity 2858K, committed 2944K, reserved 1048576K
}
Event: 9.241 GC heap before
{Heap before GC invocations=7 (full 0):
 garbage-first heap   total 45056K, used 33305K [0x00000000c2800000, 0x0000000100000000)
  region size 1024K, 26 young (26624K), 4 survivors (4096K)
 Metaspace       used 23589K, capacity 24237K, committed 24496K, reserved 1071104K
  class space    used 3014K, capacity 3300K, committed 3328K, reserved 1048576K
}
Event: 9.261 GC heap after
{Heap after GC invocations=8 (full 0):
 garbage-first heap   total 45056K, used 12395K [0x00000000c2800000, 0x0000000100000000)
  region size 1024K, 4 young (4096K), 4 survivors (4096K)
 Metaspace       used 23589K, capacity 24237K, committed 24496K, reserved 1071104K
  class space    used 3014K, capacity 3300K, committed 3328K, reserved 1048576K
}
Event: 11.202 GC heap before
{Heap before GC invocations=8 (full 0):
 garbage-first heap   total 45056K, used 32875K [0x00000000c2800000, 0x0000000100000000)
  region size 1024K, 24 young (24576K), 4 survivors (4096K)
 Metaspace       used 27502K, capacity 28381K, committed 28592K, reserved 1075200K
  class space    used 3489K, capacity 3829K, committed 3840K, reserved 1048576K
}
Event: 11.220 GC heap after
{Heap after GC invocations=9 (full 0):
 garbage-first heap   total 45056K, used 13772K [0x00000000c2800000, 0x0000000100000000)
  region size 1024K, 3 young (3072K), 3 survivors (3072K)
 Metaspace       used 27502K, capacity 28381K, committed 28592K, reserved 1075200K
  class space    used 3489K, capacity 3829K, committed 3840K, reserved 1048576K
}
Event: 11.229 GC heap before
{Heap before GC invocations=9 (full 0):
 garbage-first heap   total 45056K, used 32204K [0x00000000c2800000, 0x0000000100000000)
  region size 1024K, 22 young (22528K), 3 survivors (3072K)
 Metaspace       used 27502K, capacity 28381K, committed 28592K, reserved 1075200K
  class space    used 3489K, capacity 3829K, committed 3840K, reserved 1048576K
}
Event: 11.242 GC heap after
{Heap after GC invocations=10 (full 0):
 garbage-first heap   total 45056K, used 14203K [0x00000000c2800000, 0x0000000100000000)
  region size 1024K, 1 young (1024K), 1 survivors (1024K)
 Metaspace       used 27502K, capacity 28381K, committed 28592K, reserved 1075200K
  class space    used 3489K, capacity 3829K, committed 3840K, reserved 1048576K
}
Event: 11.314 GC heap before
{Heap before GC invocations=10 (full 0):
 garbage-first heap   total 45056K, used 31611K [0x00000000c2800000, 0x0000000100000000)
  region size 1024K, 19 young (19456K), 1 survivors (1024K)
 Metaspace       used 27515K, capacity 28381K, committed 28592K, reserved 1075200K
  class space    used 3489K, capacity 3829K, committed 3840K, reserved 1048576K
}
Event: 11.315 GC heap after
{Heap after GC invocations=11 (full 0):
 garbage-first heap   total 54272K, used 14078K [0x00000000c2800000, 0x0000000100000000)
  region size 1024K, 1 young (1024K), 1 survivors (1024K)
 Metaspace       used 27515K, capacity 28381K, committed 28592K, reserved 1075200K
  class space    used 3489K, capacity 3829K, committed 3840K, reserved 1048576K
}
Event: 13.680 GC heap before
{Heap before GC invocations=11 (full 0):
 garbage-first heap   total 54272K, used 39678K [0x00000000c2800000, 0x0000000100000000)
  region size 1024K, 27 young (27648K), 1 survivors (1024K)
 Metaspace       used 32316K, capacity 33237K, committed 33456K, reserved 1079296K
  class space    used 4215K, capacity 4573K, committed 4608K, reserved 1048576K
}
Event: 13.685 GC heap after
{Heap after GC invocations=12 (full 0):
 garbage-first heap   total 54272K, used 15246K [0x00000000c2800000, 0x0000000100000000)
  region size 1024K, 2 young (2048K), 2 survivors (2048K)
 Metaspace       used 32316K, capacity 33237K, committed 33456K, reserved 1079296K
  class space    used 4215K, capacity 4573K, committed 4608K, reserved 1048576K
}

