# JRE version: Java(TM) SE Runtime Environment (13.0.1+9) (build 13.0.1+9)
# Java VM: Java HotSpot(TM) 64-Bit Server VM (13.0.1+9, mixed mode, sharing, tiered, compressed oops, g1 gc, windows-amd64)
Heap:
 garbage-first heap   total 76800K, used 11122K [0x00000000c2800000, 0x0000000100000000)
  region size 1024K, 3 young (3072K), 3 survivors (3072K)
 Metaspace       used 20522K, capacity 21158K, committed 21296K, reserved 1067008K
  class space    used 2603K, capacity 2859K, committed 2944K, reserved 1048576K
GC Heap History (15 events):
Event: 1.904 GC heap before
{Heap before GC invocations=0 (full 0):
 garbage-first heap   total 63488K, used 14336K [0x00000000c2800000, 0x0000000100000000)
  region size 1024K, 14 young (14336K), 0 survivors (0K)
 Metaspace       used 2609K, capacity 5653K, committed 5760K, reserved 1056768K
  class space    used 259K, capacity 547K, committed 640K, reserved 1048576K
}
Event: 1.915 GC heap after
{Heap after GC invocations=1 (full 0):
 garbage-first heap   total 63488K, used 6099K [0x00000000c2800000, 0x0000000100000000)
  region size 1024K, 2 young (2048K), 2 survivors (2048K)
 Metaspace       used 2609K, capacity 5653K, committed 5760K, reserved 1056768K
  class space    used 259K, capacity 547K, committed 640K, reserved 1048576K
}
Event: 2.274 GC heap before
{Heap before GC invocations=1 (full 0):
 garbage-first heap   total 63488K, used 13267K [0x00000000c2800000, 0x0000000100000000)
  region size 1024K, 9 young (9216K), 2 survivors (2048K)
 Metaspace       used 4220K, capacity 6617K, committed 6912K, reserved 1056768K
  class space    used 473K, capacity 724K, committed 768K, reserved 1048576K
}
Event: 2.283 GC heap after
{Heap after GC invocations=2 (full 0):
 garbage-first heap   total 63488K, used 6485K [0x00000000c2800000, 0x0000000100000000)
  region size 1024K, 1 young (1024K), 1 survivors (1024K)
 Metaspace       used 4220K, capacity 6617K, committed 6912K, reserved 1056768K
  class space    used 473K, capacity 724K, committed 768K, reserved 1048576K
}
Event: 2.964 GC heap before
{Heap before GC invocations=2 (full 0):
 garbage-first heap   total 63488K, used 27989K [0x00000000c2800000, 0x0000000100000000)
  region size 1024K, 22 young (22528K), 1 survivors (1024K)
 Metaspace       used 8172K, capacity 9393K, committed 9728K, reserved 1058816K
  class space    used 1038K, capacity 1185K, committed 1280K, reserved 1048576K
}
Event: 2.968 GC heap after
{Heap after GC invocations=3 (full 0):
 garbage-first heap   total 63488K, used 7503K [0x00000000c2800000, 0x0000000100000000)
  region size 1024K, 2 young (2048K), 2 survivors (2048K)
 Metaspace       used 8172K, capacity 9393K, committed 9728K, reserved 1058816K
  class space    used 1038K, capacity 1185K, committed 1280K, reserved 1048576K
}
Event: 3.818 GC heap before
{Heap before GC invocations=3 (full 0):
 garbage-first heap   total 63488K, used 31055K [0x00000000c2800000, 0x0000000100000000)
  region size 1024K, 26 young (26624K), 2 survivors (2048K)
 Metaspace       used 11753K, capacity 12554K, committed 12800K, reserved 1060864K
  class space    used 1564K, capacity 1708K, committed 1792K, reserved 1048576K
}
Event: 3.824 GC heap after
{Heap after GC invocations=4 (full 0):
 garbage-first heap   total 63488K, used 8430K [0x00000000c2800000, 0x0000000100000000)
  region size 1024K, 3 young (3072K), 3 survivors (3072K)
 Metaspace       used 11753K, capacity 12554K, committed 12800K, reserved 1060864K
  class space    used 1564K, capacity 1708K, committed 1792K, reserved 1048576K
}
Event: 4.899 GC heap before
{Heap before GC invocations=4 (full 0):
 garbage-first heap   total 63488K, used 36078K [0x00000000c2800000, 0x0000000100000000)
  region size 1024K, 30 young (30720K), 3 survivors (3072K)
 Metaspace       used 16555K, capacity 17153K, committed 17280K, reserved 1064960K
  class space    used 2139K, capacity 2330K, committed 2432K, reserved 1048576K
}
Event: 4.908 GC heap after
{Heap after GC invocations=5 (full 0):
 garbage-first heap   total 63488K, used 8979K [0x00000000c2800000, 0x0000000100000000)
  region size 1024K, 3 young (3072K), 3 survivors (3072K)
 Metaspace       used 16555K, capacity 17153K, committed 17280K, reserved 1064960K
  class space    used 2139K, capacity 2330K, committed 2432K, reserved 1048576K
}
Event: 4.999 GC heap before
{Heap before GC invocations=5 (full 0):
 garbage-first heap   total 63488K, used 38675K [0x00000000c2800000, 0x0000000100000000)
  region size 1024K, 33 young (33792K), 3 survivors (3072K)
 Metaspace       used 16812K, capacity 17365K, committed 17536K, reserved 1064960K
  class space    used 2175K, capacity 2338K, committed 2432K, reserved 1048576K
}
Event: 5.005 GC heap after
{Heap after GC invocations=6 (full 0):
 garbage-first heap   total 63488K, used 9286K [0x00000000c2800000, 0x0000000100000000)
  region size 1024K, 3 young (3072K), 3 survivors (3072K)
 Metaspace       used 16812K, capacity 17365K, committed 17536K, reserved 1064960K
  class space    used 2175K, capacity 2338K, committed 2432K, reserved 1048576K
}
Event: 5.733 GC heap before
{Heap before GC invocations=6 (full 0):
 garbage-first heap   total 63488K, used 40006K [0x00000000c2800000, 0x0000000100000000)
  region size 1024K, 34 young (34816K), 3 survivors (3072K)
 Metaspace       used 18460K, capacity 18955K, committed 19200K, reserved 1067008K
  class space    used 2339K, capacity 2536K, committed 2560K, reserved 1048576K
}
Event: 5.743 GC heap after
{Heap after GC invocations=7 (full 0):
 garbage-first heap   total 63488K, used 10424K [0x00000000c2800000, 0x0000000100000000)
  region size 1024K, 3 young (3072K), 3 survivors (3072K)
 Metaspace       used 18460K, capacity 18955K, committed 19200K, reserved 1067008K
  class space    used 2339K, capacity 2536K, committed 2560K, reserved 1048576K
}
Event: 6.844 GC heap before
{Heap before GC invocations=7 (full 0):
 garbage-first heap   total 63488K, used 26808K [0x00000000c2800000, 0x0000000100000000)
  region size 1024K, 20 young (20480K), 3 survivors (3072K)
 Metaspace       used 20522K, capacity 21158K, committed 21296K, reserved 1067008K
  class space    used 2603K, capacity 2859K, committed 2944K, reserved 1048576K
}

